d:\文档\作品集\基于direct12 3d的fps游戏\代码\texcolumns\texcolumns\x64\debug\vc141.pdb
d:\文档\作品集\基于direct12 3d的fps游戏\代码\texcolumns\texcolumns\x64\debug\vc141.idb
d:\文档\作品集\基于direct12 3d的fps游戏\代码\texcolumns\texcolumns\x64\debug\texcolumnsapp.obj
d:\文档\作品集\基于direct12 3d的fps游戏\代码\texcolumns\texcolumns\x64\debug\frameresource.obj
d:\文档\作品集\基于direct12 3d的fps游戏\代码\texcolumns\texcolumns\x64\debug\wavefile.obj
d:\文档\作品集\基于direct12 3d的fps游戏\代码\texcolumns\texcolumns\x64\debug\read_obj.obj
d:\文档\作品集\基于direct12 3d的fps游戏\代码\texcolumns\texcolumns\x64\debug\mathhelper.obj
d:\文档\作品集\基于direct12 3d的fps游戏\代码\texcolumns\texcolumns\x64\debug\geometrygenerator.obj
d:\文档\作品集\基于direct12 3d的fps游戏\代码\texcolumns\texcolumns\x64\debug\gametimer.obj
d:\文档\作品集\基于direct12 3d的fps游戏\代码\texcolumns\texcolumns\x64\debug\ddstextureloader.obj
d:\文档\作品集\基于direct12 3d的fps游戏\代码\texcolumns\texcolumns\x64\debug\d3dutil.obj
d:\文档\作品集\基于direct12 3d的fps游戏\代码\texcolumns\texcolumns\x64\debug\d3dapp.obj
d:\文档\作品集\基于direct12 3d的fps游戏\代码\texcolumns\texcolumns\x64\debug\camera.obj
d:\文档\作品集\基于direct12 3d的fps游戏\代码\texcolumns\texcolumns\x64\debug\texcolumns.ilk
d:\文档\作品集\基于direct12 3d的fps游戏\代码\texcolumns\texcolumns\x64\debug\texcolumns.exe
d:\文档\作品集\基于direct12 3d的fps游戏\代码\texcolumns\texcolumns\x64\debug\texcolumns.pdb
d:\文档\作品集\基于direct12 3d的fps游戏\代码\texcolumns\texcolumns\x64\debug\texcolumns.tlog\cl.command.1.tlog
d:\文档\作品集\基于direct12 3d的fps游戏\代码\texcolumns\texcolumns\x64\debug\texcolumns.tlog\cl.read.1.tlog
d:\文档\作品集\基于direct12 3d的fps游戏\代码\texcolumns\texcolumns\x64\debug\texcolumns.tlog\cl.write.1.tlog
d:\文档\作品集\基于direct12 3d的fps游戏\代码\texcolumns\texcolumns\x64\debug\texcolumns.tlog\link.command.1.tlog
d:\文档\作品集\基于direct12 3d的fps游戏\代码\texcolumns\texcolumns\x64\debug\texcolumns.tlog\link.read.1.tlog
d:\文档\作品集\基于direct12 3d的fps游戏\代码\texcolumns\texcolumns\x64\debug\texcolumns.tlog\link.write.1.tlog
